{
  "D:\\учеба\\rs-react-app\\src\\App.tsx": {
    "path": "D:\\учеба\\rs-react-app\\src\\App.tsx",
    "statementMap": {
      "0": {
        "start": { "line": 1, "column": 0 },
        "end": { "line": 1, "column": 26 }
      },
      "1": {
        "start": { "line": 2, "column": 0 },
        "end": { "line": 2, "column": 55 }
      },
      "2": {
        "start": { "line": 3, "column": 0 },
        "end": { "line": 3, "column": 57 }
      },
      "3": {
        "start": { "line": 4, "column": 0 },
        "end": { "line": 4, "column": 51 }
      },
      "4": {
        "start": { "line": 13, "column": 4 },
        "end": { "line": 13, "column": 17 }
      },
      "5": {
        "start": { "line": 20, "column": 2 },
        "end": { "line": 23, "column": 4 }
      },
      "6": {
        "start": { "line": 21, "column": 4 },
        "end": { "line": 21, "column": 45 }
      },
      "7": {
        "start": { "line": 22, "column": 4 },
        "end": { "line": 22, "column": 40 }
      },
      "8": {
        "start": { "line": 25, "column": 2 },
        "end": { "line": 28, "column": 4 }
      },
      "9": {
        "start": { "line": 26, "column": 4 },
        "end": { "line": 26, "column": 42 }
      },
      "10": {
        "start": { "line": 27, "column": 4 },
        "end": { "line": 27, "column": 40 }
      },
      "11": {
        "start": { "line": 14, "column": 4 },
        "end": { "line": 17, "column": 6 }
      },
      "12": {
        "start": { "line": 31, "column": 39 },
        "end": { "line": 31, "column": 49 }
      },
      "13": {
        "start": { "line": 33, "column": 4 },
        "end": { "line": 81, "column": 6 }
      },
      "14": {
        "start": { "line": 85, "column": 0 },
        "end": { "line": 85, "column": 19 }
      }
    },
    "fnMap": {
      "0": {
        "name": "(anonymous_1)",
        "decl": {
          "start": { "line": 12, "column": 2 },
          "end": { "line": 12, "column": 14 }
        },
        "loc": {
          "start": { "line": 12, "column": 28 },
          "end": { "line": 18, "column": 3 }
        }
      },
      "1": {
        "name": "(anonymous_2)",
        "decl": {
          "start": { "line": 20, "column": 17 },
          "end": { "line": 20, "column": 18 }
        },
        "loc": {
          "start": { "line": 20, "column": 34 },
          "end": { "line": 23, "column": 3 }
        }
      },
      "2": {
        "name": "(anonymous_3)",
        "decl": {
          "start": { "line": 25, "column": 15 },
          "end": { "line": 25, "column": 18 }
        },
        "loc": {
          "start": { "line": 25, "column": 20 },
          "end": { "line": 28, "column": 3 }
        }
      },
      "3": {
        "name": "(anonymous_4)",
        "decl": {
          "start": { "line": 30, "column": 2 },
          "end": { "line": 30, "column": 8 }
        },
        "loc": {
          "start": { "line": 30, "column": 8 },
          "end": { "line": 82, "column": 3 }
        }
      },
      "4": {
        "name": "(anonymous_5)",
        "decl": {
          "start": { "line": 66, "column": 24 },
          "end": { "line": 66, "column": 27 }
        },
        "loc": {
          "start": { "line": 66, "column": 29 },
          "end": { "line": 66, "column": 32 }
        }
      }
    },
    "branchMap": {
      "0": {
        "loc": {
          "start": { "line": 15, "column": 18 },
          "end": { "line": 15, "column": 58 }
        },
        "type": "binary-expr",
        "locations": [
          {
            "start": { "line": 15, "column": 18 },
            "end": { "line": 15, "column": 52 }
          },
          {
            "start": { "line": 15, "column": 56 },
            "end": { "line": 15, "column": 58 }
          }
        ]
      }
    },
    "s": {
      "0": 1,
      "1": 1,
      "2": 1,
      "3": 1,
      "4": 1,
      "5": 1,
      "6": 0,
      "7": 0,
      "8": 1,
      "9": 0,
      "10": 0,
      "11": 1,
      "12": 1,
      "13": 1,
      "14": 1
    },
    "f": { "0": 1, "1": 0, "2": 0, "3": 1, "4": 1 },
    "b": { "0": [1, 1] }
  },
  "D:\\учеба\\rs-react-app\\src\\components\\ErrorBoundary.tsx": {
    "path": "D:\\учеба\\rs-react-app\\src\\components\\ErrorBoundary.tsx",
    "statementMap": {
      "0": {
        "start": { "line": 1, "column": 0 },
        "end": { "line": 1, "column": 26 }
      },
      "1": {
        "start": { "line": 16, "column": 4 },
        "end": { "line": 16, "column": 17 }
      },
      "2": {
        "start": { "line": 17, "column": 4 },
        "end": { "line": 17, "column": 37 }
      },
      "3": {
        "start": { "line": 21, "column": 4 },
        "end": { "line": 21, "column": 30 }
      },
      "4": {
        "start": { "line": 25, "column": 4 },
        "end": { "line": 25, "column": 59 }
      },
      "5": {
        "start": { "line": 26, "column": 4 },
        "end": { "line": 26, "column": 44 }
      },
      "6": {
        "start": { "line": 30, "column": 4 },
        "end": { "line": 32, "column": 5 }
      },
      "7": {
        "start": { "line": 31, "column": 6 },
        "end": { "line": 31, "column": 44 }
      },
      "8": {
        "start": { "line": 33, "column": 4 },
        "end": { "line": 33, "column": 31 }
      },
      "9": {
        "start": { "line": 36, "column": 0 },
        "end": { "line": 36, "column": 29 }
      }
    },
    "fnMap": {
      "0": {
        "name": "(anonymous_1)",
        "decl": {
          "start": { "line": 15, "column": 2 },
          "end": { "line": 15, "column": 14 }
        },
        "loc": {
          "start": { "line": 15, "column": 39 },
          "end": { "line": 18, "column": 3 }
        }
      },
      "1": {
        "name": "(anonymous_2)",
        "decl": {
          "start": { "line": 20, "column": 2 },
          "end": { "line": 20, "column": 8 }
        },
        "loc": {
          "start": { "line": 20, "column": 33 },
          "end": { "line": 22, "column": 3 }
        }
      },
      "2": {
        "name": "(anonymous_3)",
        "decl": {
          "start": { "line": 24, "column": 2 },
          "end": { "line": 24, "column": 19 }
        },
        "loc": {
          "start": { "line": 24, "column": 60 },
          "end": { "line": 27, "column": 3 }
        }
      },
      "3": {
        "name": "(anonymous_4)",
        "decl": {
          "start": { "line": 29, "column": 2 },
          "end": { "line": 29, "column": 8 }
        },
        "loc": {
          "start": { "line": 29, "column": 8 },
          "end": { "line": 34, "column": 3 }
        }
      }
    },
    "branchMap": {
      "0": {
        "loc": {
          "start": { "line": 30, "column": 4 },
          "end": { "line": 32, "column": 5 }
        },
        "type": "if",
        "locations": [
          {
            "start": { "line": 30, "column": 4 },
            "end": { "line": 32, "column": 5 }
          },
          { "start": {}, "end": {} }
        ]
      }
    },
    "s": {
      "0": 1,
      "1": 1,
      "2": 1,
      "3": 0,
      "4": 0,
      "5": 0,
      "6": 1,
      "7": 0,
      "8": 1,
      "9": 1
    },
    "f": { "0": 1, "1": 0, "2": 0, "3": 1 },
    "b": { "0": [0, 1] }
  },
  "D:\\учеба\\rs-react-app\\src\\components\\Button\\Button.tsx": {
    "path": "D:\\учеба\\rs-react-app\\src\\components\\Button\\Button.tsx",
    "statementMap": {
      "0": {
        "start": { "line": 1, "column": 0 },
        "end": { "line": 1, "column": 26 }
      },
      "1": {
        "start": { "line": 10, "column": 4 },
        "end": { "line": 10, "column": 78 }
      },
      "2": {
        "start": { "line": 14, "column": 0 },
        "end": { "line": 14, "column": 22 }
      }
    },
    "fnMap": {
      "0": {
        "name": "(anonymous_1)",
        "decl": {
          "start": { "line": 9, "column": 2 },
          "end": { "line": 9, "column": 8 }
        },
        "loc": {
          "start": { "line": 9, "column": 8 },
          "end": { "line": 11, "column": 3 }
        }
      }
    },
    "branchMap": {},
    "s": { "0": 2, "1": 3, "2": 2 },
    "f": { "0": 3 },
    "b": {}
  },
  "D:\\учеба\\rs-react-app\\src\\components\\Results\\Results.tsx": {
    "path": "D:\\учеба\\rs-react-app\\src\\components\\Results\\Results.tsx",
    "statementMap": {
      "0": {
        "start": { "line": 1, "column": 0 },
        "end": { "line": 1, "column": 26 }
      },
      "1": {
        "start": { "line": 43, "column": 4 },
        "end": { "line": 43, "column": 17 }
      },
      "2": {
        "start": { "line": 40, "column": 2 },
        "end": { "line": 40, "column": 16 }
      },
      "3": {
        "start": { "line": 44, "column": 4 },
        "end": { "line": 50, "column": 6 }
      },
      "4": {
        "start": { "line": 54, "column": 4 },
        "end": { "line": 54, "column": 36 }
      },
      "5": {
        "start": { "line": 58, "column": 4 },
        "end": { "line": 60, "column": 5 }
      },
      "6": {
        "start": { "line": 59, "column": 6 },
        "end": { "line": 59, "column": 38 }
      },
      "7": {
        "start": { "line": 64, "column": 4 },
        "end": { "line": 64, "column": 24 }
      },
      "8": {
        "start": { "line": 64, "column": 13 },
        "end": { "line": 64, "column": 24 }
      },
      "9": {
        "start": { "line": 65, "column": 4 },
        "end": { "line": 69, "column": 76 }
      },
      "10": {
        "start": { "line": 73, "column": 4 },
        "end": { "line": 73, "column": 50 }
      },
      "11": {
        "start": { "line": 74, "column": 4 },
        "end": { "line": 127, "column": 5 }
      },
      "12": {
        "start": { "line": 75, "column": 18 },
        "end": { "line": 75, "column": 34 }
      },
      "13": {
        "start": { "line": 76, "column": 6 },
        "end": { "line": 76, "column": 72 }
      },
      "14": {
        "start": { "line": 76, "column": 19 },
        "end": { "line": 76, "column": 72 }
      },
      "15": {
        "start": { "line": 77, "column": 19 },
        "end": { "line": 77, "column": 35 }
      },
      "16": {
        "start": { "line": 79, "column": 6 },
        "end": { "line": 122, "column": 7 }
      },
      "17": {
        "start": { "line": 80, "column": 26 },
        "end": { "line": 80, "column": 53 }
      },
      "18": {
        "start": { "line": 81, "column": 22 },
        "end": { "line": 93, "column": null }
      },
      "19": {
        "start": { "line": 82, "column": 66 },
        "end": { "line": 93, "column": 12 }
      },
      "20": {
        "start": { "line": 83, "column": 31 },
        "end": { "line": 83, "column": 53 }
      },
      "21": {
        "start": { "line": 84, "column": 12 },
        "end": { "line": 85, "column": 63 }
      },
      "22": {
        "start": { "line": 85, "column": 14 },
        "end": { "line": 85, "column": 63 }
      },
      "23": {
        "start": { "line": 86, "column": 48 },
        "end": { "line": 86, "column": 71 }
      },
      "24": {
        "start": { "line": 87, "column": 12 },
        "end": { "line": 92, "column": 14 }
      },
      "25": {
        "start": { "line": 90, "column": 45 },
        "end": { "line": 90, "column": 56 }
      },
      "26": {
        "start": { "line": 95, "column": 8 },
        "end": { "line": 103, "column": 10 }
      },
      "27": {
        "start": { "line": 105, "column": 44 },
        "end": { "line": 105, "column": 48 }
      },
      "28": {
        "start": { "line": 106, "column": 8 },
        "end": { "line": 121, "column": 10 }
      },
      "29": {
        "start": { "line": 112, "column": 47 },
        "end": { "line": 112, "column": 58 }
      },
      "30": {
        "start": { "line": 124, "column": 6 },
        "end": { "line": 124, "column": 25 }
      },
      "31": {
        "start": { "line": 125, "column": 22 },
        "end": { "line": 125, "column": 70 }
      },
      "32": {
        "start": { "line": 126, "column": 6 },
        "end": { "line": 126, "column": 79 }
      },
      "33": {
        "start": { "line": 131, "column": 56 },
        "end": { "line": 131, "column": 66 }
      },
      "34": {
        "start": { "line": 132, "column": 26 },
        "end": { "line": 132, "column": 36 }
      },
      "35": {
        "start": { "line": 134, "column": 4 },
        "end": { "line": 134, "column": 46 }
      },
      "36": {
        "start": { "line": 134, "column": 17 },
        "end": { "line": 134, "column": 46 }
      },
      "37": {
        "start": { "line": 135, "column": 4 },
        "end": { "line": 140, "column": 8 }
      },
      "38": {
        "start": { "line": 136, "column": 6 },
        "end": { "line": 140, "column": 8 }
      },
      "39": {
        "start": { "line": 141, "column": 4 },
        "end": { "line": 141, "column": 73 }
      },
      "40": {
        "start": { "line": 141, "column": 15 },
        "end": { "line": 141, "column": 73 }
      },
      "41": {
        "start": { "line": 143, "column": 4 },
        "end": { "line": 195, "column": 6 }
      },
      "42": {
        "start": { "line": 158, "column": 14 },
        "end": { "line": 172, "column": null }
      },
      "43": {
        "start": { "line": 181, "column": 27 },
        "end": { "line": 181, "column": 61 }
      },
      "44": {
        "start": { "line": 188, "column": 27 },
        "end": { "line": 188, "column": 61 }
      },
      "45": {
        "start": { "line": 199, "column": 0 },
        "end": { "line": 199, "column": 23 }
      }
    },
    "fnMap": {
      "0": {
        "name": "(anonymous_8)",
        "decl": {
          "start": { "line": 42, "column": 2 },
          "end": { "line": 42, "column": 14 }
        },
        "loc": {
          "start": { "line": 42, "column": 33 },
          "end": { "line": 51, "column": 3 }
        }
      },
      "1": {
        "name": "(anonymous_9)",
        "decl": {
          "start": { "line": 53, "column": 2 },
          "end": { "line": 53, "column": 19 }
        },
        "loc": {
          "start": { "line": 53, "column": 19 },
          "end": { "line": 55, "column": 3 }
        }
      },
      "2": {
        "name": "(anonymous_10)",
        "decl": {
          "start": { "line": 57, "column": 2 },
          "end": { "line": 57, "column": 20 }
        },
        "loc": {
          "start": { "line": 57, "column": 44 },
          "end": { "line": 61, "column": 3 }
        }
      },
      "3": {
        "name": "(anonymous_11)",
        "decl": {
          "start": { "line": 63, "column": 2 },
          "end": { "line": 63, "column": 10 }
        },
        "loc": {
          "start": { "line": 63, "column": 23 },
          "end": { "line": 70, "column": 3 }
        }
      },
      "4": {
        "name": "(anonymous_12)",
        "decl": {
          "start": { "line": 72, "column": 8 },
          "end": { "line": 72, "column": 17 }
        },
        "loc": {
          "start": { "line": 72, "column": 29 },
          "end": { "line": 128, "column": null }
        }
      },
      "5": {
        "name": "(anonymous_14)",
        "decl": {
          "start": { "line": 82, "column": 32 },
          "end": { "line": 82, "column": 39 }
        },
        "loc": {
          "start": { "line": 82, "column": 66 },
          "end": { "line": 93, "column": 12 }
        }
      },
      "6": {
        "name": "(anonymous_15)",
        "decl": {
          "start": { "line": 82, "column": 66 },
          "end": { "line": 82, "column": null }
        },
        "loc": {
          "start": { "line": 82, "column": 66 },
          "end": { "line": 93, "column": 11 }
        }
      },
      "7": {
        "name": "(anonymous_16)",
        "decl": {
          "start": { "line": 90, "column": 38 },
          "end": { "line": 90, "column": 39 }
        },
        "loc": {
          "start": { "line": 90, "column": 45 },
          "end": { "line": 90, "column": 56 }
        }
      },
      "8": {
        "name": "(anonymous_17)",
        "decl": {
          "start": { "line": 112, "column": 40 },
          "end": { "line": 112, "column": 41 }
        },
        "loc": {
          "start": { "line": 112, "column": 47 },
          "end": { "line": 112, "column": 58 }
        }
      },
      "9": {
        "name": "(anonymous_18)",
        "decl": {
          "start": { "line": 130, "column": 2 },
          "end": { "line": 130, "column": 8 }
        },
        "loc": {
          "start": { "line": 130, "column": 8 },
          "end": { "line": 196, "column": 3 }
        }
      },
      "10": {
        "name": "(anonymous_19)",
        "decl": {
          "start": { "line": 157, "column": 23 },
          "end": { "line": 157, "column": 24 }
        },
        "loc": {
          "start": { "line": 158, "column": 14 },
          "end": { "line": 172, "column": null }
        }
      },
      "11": {
        "name": "(anonymous_20)",
        "decl": {
          "start": { "line": 181, "column": 21 },
          "end": { "line": 181, "column": 24 }
        },
        "loc": {
          "start": { "line": 181, "column": 27 },
          "end": { "line": 181, "column": 61 }
        }
      },
      "12": {
        "name": "(anonymous_21)",
        "decl": {
          "start": { "line": 188, "column": 21 },
          "end": { "line": 188, "column": 24 }
        },
        "loc": {
          "start": { "line": 188, "column": 27 },
          "end": { "line": 188, "column": 61 }
        }
      }
    },
    "branchMap": {
      "0": {
        "loc": {
          "start": { "line": 58, "column": 4 },
          "end": { "line": 60, "column": 5 }
        },
        "type": "if",
        "locations": [
          {
            "start": { "line": 58, "column": 4 },
            "end": { "line": 60, "column": 5 }
          },
          { "start": {}, "end": {} }
        ]
      },
      "1": {
        "loc": {
          "start": { "line": 64, "column": 4 },
          "end": { "line": 64, "column": 24 }
        },
        "type": "if",
        "locations": [
          {
            "start": { "line": 64, "column": 4 },
            "end": { "line": 64, "column": 24 }
          },
          { "start": {}, "end": {} }
        ]
      },
      "2": {
        "loc": {
          "start": { "line": 65, "column": 11 },
          "end": { "line": 69, "column": 75 }
        },
        "type": "cond-expr",
        "locations": [
          {
            "start": { "line": 66, "column": 8 },
            "end": { "line": 68, "column": 11 }
          },
          {
            "start": { "line": 69, "column": 8 },
            "end": { "line": 69, "column": 75 }
          }
        ]
      },
      "3": {
        "loc": {
          "start": { "line": 76, "column": 6 },
          "end": { "line": 76, "column": 72 }
        },
        "type": "if",
        "locations": [
          {
            "start": { "line": 76, "column": 6 },
            "end": { "line": 76, "column": 72 }
          },
          { "start": {}, "end": {} }
        ]
      },
      "4": {
        "loc": {
          "start": { "line": 79, "column": 6 },
          "end": { "line": 122, "column": 7 }
        },
        "type": "if",
        "locations": [
          {
            "start": { "line": 79, "column": 6 },
            "end": { "line": 122, "column": 7 }
          },
          {
            "start": { "line": 104, "column": 13 },
            "end": { "line": 122, "column": 7 }
          }
        ]
      },
      "5": {
        "loc": {
          "start": { "line": 84, "column": 12 },
          "end": { "line": 85, "column": 63 }
        },
        "type": "if",
        "locations": [
          {
            "start": { "line": 84, "column": 12 },
            "end": { "line": 85, "column": 63 }
          },
          { "start": {}, "end": {} }
        ]
      },
      "6": {
        "loc": {
          "start": { "line": 90, "column": 16 },
          "end": { "line": 91, "column": 26 }
        },
        "type": "binary-expr",
        "locations": [
          {
            "start": { "line": 90, "column": 16 },
            "end": { "line": 90, "column": 68 }
          },
          {
            "start": { "line": 91, "column": 16 },
            "end": { "line": 91, "column": 26 }
          }
        ]
      },
      "7": {
        "loc": {
          "start": { "line": 112, "column": 18 },
          "end": { "line": 113, "column": 28 }
        },
        "type": "binary-expr",
        "locations": [
          {
            "start": { "line": 112, "column": 18 },
            "end": { "line": 112, "column": 70 }
          },
          {
            "start": { "line": 113, "column": 18 },
            "end": { "line": 113, "column": 28 }
          }
        ]
      },
      "8": {
        "loc": {
          "start": { "line": 125, "column": 22 },
          "end": { "line": 125, "column": 70 }
        },
        "type": "cond-expr",
        "locations": [
          {
            "start": { "line": 125, "column": 45 },
            "end": { "line": 125, "column": 56 }
          },
          {
            "start": { "line": 125, "column": 59 },
            "end": { "line": 125, "column": 70 }
          }
        ]
      },
      "9": {
        "loc": {
          "start": { "line": 134, "column": 4 },
          "end": { "line": 134, "column": 46 }
        },
        "type": "if",
        "locations": [
          {
            "start": { "line": 134, "column": 4 },
            "end": { "line": 134, "column": 46 }
          },
          { "start": {}, "end": {} }
        ]
      },
      "10": {
        "loc": {
          "start": { "line": 135, "column": 4 },
          "end": { "line": 140, "column": 8 }
        },
        "type": "if",
        "locations": [
          {
            "start": { "line": 135, "column": 4 },
            "end": { "line": 140, "column": 8 }
          },
          { "start": {}, "end": {} }
        ]
      },
      "11": {
        "loc": {
          "start": { "line": 141, "column": 4 },
          "end": { "line": 141, "column": 73 }
        },
        "type": "if",
        "locations": [
          {
            "start": { "line": 141, "column": 4 },
            "end": { "line": 141, "column": 73 }
          },
          { "start": {}, "end": {} }
        ]
      },
      "12": {
        "loc": {
          "start": { "line": 145, "column": 9 },
          "end": { "line": 175, "column": null }
        },
        "type": "cond-expr",
        "locations": [
          {
            "start": { "line": 146, "column": 10 },
            "end": { "line": 146, "column": 38 }
          },
          {
            "start": { "line": 148, "column": 10 },
            "end": { "line": 174, "column": null }
          }
        ]
      },
      "13": {
        "loc": {
          "start": { "line": 181, "column": 27 },
          "end": { "line": 181, "column": 61 }
        },
        "type": "binary-expr",
        "locations": [
          {
            "start": { "line": 181, "column": 27 },
            "end": { "line": 181, "column": 34 }
          },
          {
            "start": { "line": 181, "column": 38 },
            "end": { "line": 181, "column": 61 }
          }
        ]
      },
      "14": {
        "loc": {
          "start": { "line": 188, "column": 27 },
          "end": { "line": 188, "column": 61 }
        },
        "type": "binary-expr",
        "locations": [
          {
            "start": { "line": 188, "column": 27 },
            "end": { "line": 188, "column": 34 }
          },
          {
            "start": { "line": 188, "column": 38 },
            "end": { "line": 188, "column": 61 }
          }
        ]
      }
    },
    "s": {
      "0": 2,
      "1": 3,
      "2": 3,
      "3": 3,
      "4": 3,
      "5": 5,
      "6": 0,
      "7": 3,
      "8": 0,
      "9": 3,
      "10": 3,
      "11": 3,
      "12": 3,
      "13": 2,
      "14": 1,
      "15": 1,
      "16": 1,
      "17": 0,
      "18": 0,
      "19": 0,
      "20": 0,
      "21": 0,
      "22": 0,
      "23": 0,
      "24": 0,
      "25": 0,
      "26": 0,
      "27": 1,
      "28": 1,
      "29": 1,
      "30": 2,
      "31": 2,
      "32": 2,
      "33": 8,
      "34": 8,
      "35": 8,
      "36": 2,
      "37": 6,
      "38": 0,
      "39": 6,
      "40": 2,
      "41": 4,
      "42": 1,
      "43": 0,
      "44": 0,
      "45": 2
    },
    "f": {
      "0": 3,
      "1": 3,
      "2": 5,
      "3": 3,
      "4": 3,
      "5": 0,
      "6": 0,
      "7": 0,
      "8": 1,
      "9": 8,
      "10": 1,
      "11": 0,
      "12": 0
    },
    "b": {
      "0": [0, 5],
      "1": [0, 3],
      "2": [2, 1],
      "3": [1, 1],
      "4": [0, 1],
      "5": [0, 0],
      "6": [0, 0],
      "7": [1, 0],
      "8": [2, 0],
      "9": [2, 6],
      "10": [0, 6],
      "11": [2, 4],
      "12": [3, 1],
      "13": [0, 0],
      "14": [0, 0]
    }
  },
  "D:\\учеба\\rs-react-app\\src\\components\\Search\\Search.tsx": {
    "path": "D:\\учеба\\rs-react-app\\src\\components\\Search\\Search.tsx",
    "statementMap": {
      "0": {
        "start": { "line": 1, "column": 0 },
        "end": { "line": 1, "column": 26 }
      },
      "1": {
        "start": { "line": 10, "column": 4 },
        "end": { "line": 10, "column": 17 }
      },
      "2": {
        "start": { "line": 11, "column": 4 },
        "end": { "line": 11, "column": 53 }
      },
      "3": {
        "start": { "line": 15, "column": 4 },
        "end": { "line": 15, "column": 44 }
      },
      "4": {
        "start": { "line": 19, "column": 4 },
        "end": { "line": 26, "column": 6 }
      },
      "5": {
        "start": { "line": 30, "column": 0 },
        "end": { "line": 30, "column": 22 }
      }
    },
    "fnMap": {
      "0": {
        "name": "(anonymous_1)",
        "decl": {
          "start": { "line": 9, "column": 2 },
          "end": { "line": 9, "column": 14 }
        },
        "loc": {
          "start": { "line": 9, "column": 32 },
          "end": { "line": 12, "column": 3 }
        }
      },
      "1": {
        "name": "(anonymous_2)",
        "decl": {
          "start": { "line": 14, "column": 2 },
          "end": { "line": 14, "column": 14 }
        },
        "loc": {
          "start": { "line": 14, "column": 57 },
          "end": { "line": 16, "column": 3 }
        }
      },
      "2": {
        "name": "(anonymous_3)",
        "decl": {
          "start": { "line": 18, "column": 2 },
          "end": { "line": 18, "column": 8 }
        },
        "loc": {
          "start": { "line": 18, "column": 8 },
          "end": { "line": 27, "column": 3 }
        }
      }
    },
    "branchMap": {},
    "s": { "0": 2, "1": 3, "2": 3, "3": 1, "4": 3, "5": 2 },
    "f": { "0": 3, "1": 1, "2": 3 },
    "b": {}
  },
  "D:\\учеба\\rs-react-app\\src\\components\\SearchBar\\SearchBar.tsx": {
    "path": "D:\\учеба\\rs-react-app\\src\\components\\SearchBar\\SearchBar.tsx",
    "statementMap": {
      "0": {
        "start": { "line": 1, "column": 0 },
        "end": { "line": 1, "column": 26 }
      },
      "1": {
        "start": { "line": 2, "column": 0 },
        "end": { "line": 2, "column": 38 }
      },
      "2": {
        "start": { "line": 3, "column": 0 },
        "end": { "line": 3, "column": 38 }
      },
      "3": {
        "start": { "line": 15, "column": 2 },
        "end": { "line": 17, "column": 4 }
      },
      "4": {
        "start": { "line": 19, "column": 2 },
        "end": { "line": 21, "column": 4 }
      },
      "5": {
        "start": { "line": 20, "column": 4 },
        "end": { "line": 20, "column": 36 }
      },
      "6": {
        "start": { "line": 23, "column": 2 },
        "end": { "line": 25, "column": 4 }
      },
      "7": {
        "start": { "line": 24, "column": 4 },
        "end": { "line": 24, "column": 42 }
      },
      "8": {
        "start": { "line": 28, "column": 4 },
        "end": { "line": 42, "column": 6 }
      },
      "9": {
        "start": { "line": 46, "column": 0 },
        "end": { "line": 46, "column": 25 }
      }
    },
    "fnMap": {
      "0": {
        "name": "(anonymous_1)",
        "decl": {
          "start": { "line": 14, "column": 0 },
          "end": { "line": 14, "column": 6 }
        },
        "loc": {
          "start": { "line": 14, "column": 0 },
          "end": { "line": 44, "column": 1 }
        }
      },
      "1": {
        "name": "(anonymous_2)",
        "decl": {
          "start": { "line": 19, "column": 22 },
          "end": { "line": 19, "column": 23 }
        },
        "loc": {
          "start": { "line": 19, "column": 40 },
          "end": { "line": 21, "column": 3 }
        }
      },
      "2": {
        "name": "(anonymous_3)",
        "decl": {
          "start": { "line": 23, "column": 22 },
          "end": { "line": 23, "column": 25 }
        },
        "loc": {
          "start": { "line": 23, "column": 27 },
          "end": { "line": 25, "column": 3 }
        }
      },
      "3": {
        "name": "(anonymous_4)",
        "decl": {
          "start": { "line": 27, "column": 2 },
          "end": { "line": 27, "column": 8 }
        },
        "loc": {
          "start": { "line": 27, "column": 8 },
          "end": { "line": 43, "column": 3 }
        }
      }
    },
    "branchMap": {},
    "s": {
      "0": 1,
      "1": 1,
      "2": 1,
      "3": 1,
      "4": 1,
      "5": 0,
      "6": 1,
      "7": 0,
      "8": 1,
      "9": 1
    },
    "f": { "0": 1, "1": 0, "2": 0, "3": 1 },
    "b": {}
  }
}
