{"D:\\учеба\\rs-react-app\\src\\components\\Button\\Button.tsx": {"path":"D:\\учеба\\rs-react-app\\src\\components\\Button\\Button.tsx","statementMap":{"0":{"start":{"line":1,"column":0},"end":{"line":1,"column":26}},"1":{"start":{"line":8,"column":38},"end":{"line":10,"column":1}},"2":{"start":{"line":9,"column":2},"end":{"line":9,"column":54}},"3":{"start":{"line":12,"column":0},"end":{"line":12,"column":22}}},"fnMap":{"0":{"name":"(anonymous_1)","decl":{"start":{"line":8,"column":38},"end":{"line":8,"column":39}},"loc":{"start":{"line":8,"column":63},"end":{"line":10,"column":1}}}},"branchMap":{},"s":{"0":1,"1":1,"2":1,"3":1},"f":{"0":1},"b":{}}
,"D:\\учеба\\rs-react-app\\src\\components\\ButtonError\\ButtonError.tsx": {"path":"D:\\учеба\\rs-react-app\\src\\components\\ButtonError\\ButtonError.tsx","statementMap":{"0":{"start":{"line":1,"column":0},"end":{"line":1,"column":26}},"1":{"start":{"line":9,"column":4},"end":{"line":9,"column":17}},"2":{"start":{"line":10,"column":4},"end":{"line":10,"column":39}},"3":{"start":{"line":11,"column":4},"end":{"line":11,"column":51}},"4":{"start":{"line":15,"column":4},"end":{"line":15,"column":40}},"5":{"start":{"line":19,"column":4},"end":{"line":21,"column":5}},"6":{"start":{"line":20,"column":6},"end":{"line":20,"column":66}},"7":{"start":{"line":23,"column":4},"end":{"line":33,"column":6}},"8":{"start":{"line":7,"column":0},"end":{"line":7,"column":13}},"9":{"start":{"line":37,"column":0},"end":{"line":37,"column":27}}},"fnMap":{"0":{"name":"(anonymous_1)","decl":{"start":{"line":8,"column":2},"end":{"line":8,"column":14}},"loc":{"start":{"line":8,"column":28},"end":{"line":12,"column":3}}},"1":{"name":"(anonymous_2)","decl":{"start":{"line":14,"column":2},"end":{"line":14,"column":13}},"loc":{"start":{"line":14,"column":13},"end":{"line":16,"column":3}}},"2":{"name":"(anonymous_3)","decl":{"start":{"line":18,"column":2},"end":{"line":18,"column":8}},"loc":{"start":{"line":18,"column":8},"end":{"line":34,"column":3}}}},"branchMap":{"0":{"loc":{"start":{"line":19,"column":4},"end":{"line":21,"column":5}},"type":"if","locations":[{"start":{"line":19,"column":4},"end":{"line":21,"column":5}},{"start":{},"end":{}}]}},"s":{"0":1,"1":3,"2":2,"3":2,"4":1,"5":4,"6":2,"7":2,"8":1,"9":1},"f":{"0":3,"1":1,"2":4},"b":{"0":[2,2]}}
,"D:\\учеба\\rs-react-app\\src\\components\\Card\\Card.tsx": {"path":"D:\\учеба\\rs-react-app\\src\\components\\Card\\Card.tsx","statementMap":{"0":{"start":{"line":1,"column":0},"end":{"line":1,"column":26}},"1":{"start":{"line":8,"column":34},"end":{"line":25,"column":null}},"2":{"start":{"line":9,"column":2},"end":{"line":24,"column":null}},"3":{"start":{"line":28,"column":0},"end":{"line":28,"column":20}}},"fnMap":{"0":{"name":"(anonymous_1)","decl":{"start":{"line":8,"column":34},"end":{"line":8,"column":35}},"loc":{"start":{"line":9,"column":2},"end":{"line":24,"column":null}}}},"branchMap":{},"s":{"0":2,"1":2,"2":2,"3":2},"f":{"0":2},"b":{}}
,"D:\\учеба\\rs-react-app\\src\\components\\ErrorBoundary\\ErrorBoundary.tsx": {"path":"D:\\учеба\\rs-react-app\\src\\components\\ErrorBoundary\\ErrorBoundary.tsx","statementMap":{"0":{"start":{"line":1,"column":0},"end":{"line":1,"column":26}},"1":{"start":{"line":18,"column":4},"end":{"line":18,"column":17}},"2":{"start":{"line":19,"column":4},"end":{"line":19,"column":37}},"3":{"start":{"line":23,"column":4},"end":{"line":23,"column":30}},"4":{"start":{"line":27,"column":4},"end":{"line":27,"column":64}},"5":{"start":{"line":31,"column":4},"end":{"line":43,"column":5}},"6":{"start":{"line":32,"column":6},"end":{"line":42,"column":8}},"7":{"start":{"line":45,"column":4},"end":{"line":45,"column":31}},"8":{"start":{"line":13,"column":0},"end":{"line":13,"column":13}},"9":{"start":{"line":49,"column":0},"end":{"line":49,"column":29}}},"fnMap":{"0":{"name":"(anonymous_1)","decl":{"start":{"line":17,"column":2},"end":{"line":17,"column":14}},"loc":{"start":{"line":17,"column":39},"end":{"line":20,"column":3}}},"1":{"name":"(anonymous_2)","decl":{"start":{"line":22,"column":2},"end":{"line":22,"column":8}},"loc":{"start":{"line":22,"column":33},"end":{"line":24,"column":3}}},"2":{"name":"(anonymous_3)","decl":{"start":{"line":26,"column":2},"end":{"line":26,"column":19}},"loc":{"start":{"line":26,"column":54},"end":{"line":28,"column":3}}},"3":{"name":"(anonymous_4)","decl":{"start":{"line":30,"column":2},"end":{"line":30,"column":8}},"loc":{"start":{"line":30,"column":8},"end":{"line":46,"column":3}}}},"branchMap":{"0":{"loc":{"start":{"line":31,"column":4},"end":{"line":43,"column":5}},"type":"if","locations":[{"start":{"line":31,"column":4},"end":{"line":43,"column":5}},{"start":{},"end":{}}]}},"s":{"0":1,"1":4,"2":3,"3":2,"4":1,"5":5,"6":2,"7":3,"8":1,"9":1},"f":{"0":4,"1":2,"2":1,"3":5},"b":{"0":[2,3]}}
,"D:\\учеба\\rs-react-app\\src\\components\\Header\\Header.tsx": {"path":"D:\\учеба\\rs-react-app\\src\\components\\Header\\Header.tsx","statementMap":{"0":{"start":{"line":2,"column":0},"end":{"line":2,"column":26}},"1":{"start":{"line":3,"column":0},"end":{"line":3,"column":40}},"2":{"start":{"line":4,"column":0},"end":{"line":4,"column":60}},"3":{"start":{"line":5,"column":0},"end":{"line":5,"column":22}},"4":{"start":{"line":7,"column":25},"end":{"line":18,"column":1}},"5":{"start":{"line":8,"column":2},"end":{"line":17,"column":4}},"6":{"start":{"line":20,"column":0},"end":{"line":20,"column":22}}},"fnMap":{"0":{"name":"(anonymous_1)","decl":{"start":{"line":7,"column":25},"end":{"line":7,"column":28}},"loc":{"start":{"line":7,"column":30},"end":{"line":18,"column":1}}}},"branchMap":{},"s":{"0":1,"1":1,"2":1,"3":1,"4":1,"5":1,"6":1},"f":{"0":1},"b":{}}
,"D:\\учеба\\rs-react-app\\src\\components\\Header\\components\\Navigation\\Navigation.tsx": {"path":"D:\\учеба\\rs-react-app\\src\\components\\Header\\components\\Navigation\\Navigation.tsx","statementMap":{"0":{"start":{"line":1,"column":0},"end":{"line":1,"column":26}},"1":{"start":{"line":2,"column":0},"end":{"line":2,"column":40}},"2":{"start":{"line":3,"column":0},"end":{"line":3,"column":26}},"3":{"start":{"line":4,"column":29},"end":{"line":17,"column":1}},"4":{"start":{"line":5,"column":2},"end":{"line":16,"column":4}},"5":{"start":{"line":19,"column":0},"end":{"line":19,"column":26}}},"fnMap":{"0":{"name":"(anonymous_1)","decl":{"start":{"line":4,"column":29},"end":{"line":4,"column":32}},"loc":{"start":{"line":4,"column":34},"end":{"line":17,"column":1}}}},"branchMap":{},"s":{"0":1,"1":1,"2":1,"3":1,"4":1,"5":1},"f":{"0":1},"b":{}}
,"D:\\учеба\\rs-react-app\\src\\components\\Pages\\404\\404.tsx": {"path":"D:\\учеба\\rs-react-app\\src\\components\\Pages\\404\\404.tsx","statementMap":{"0":{"start":{"line":1,"column":0},"end":{"line":1,"column":26}},"1":{"start":{"line":3,"column":27},"end":{"line":17,"column":1}},"2":{"start":{"line":4,"column":2},"end":{"line":16,"column":4}},"3":{"start":{"line":19,"column":0},"end":{"line":19,"column":24}}},"fnMap":{"0":{"name":"(anonymous_1)","decl":{"start":{"line":3,"column":27},"end":{"line":3,"column":30}},"loc":{"start":{"line":3,"column":32},"end":{"line":17,"column":1}}}},"branchMap":{},"s":{"0":1,"1":1,"2":1,"3":1},"f":{"0":1},"b":{}}
,"D:\\учеба\\rs-react-app\\src\\components\\Pages\\About\\About.tsx": {"path":"D:\\учеба\\rs-react-app\\src\\components\\Pages\\About\\About.tsx","statementMap":{"0":{"start":{"line":1,"column":0},"end":{"line":1,"column":26}},"1":{"start":{"line":2,"column":0},"end":{"line":2,"column":40}},"2":{"start":{"line":3,"column":0},"end":{"line":3,"column":21}},"3":{"start":{"line":4,"column":0},"end":{"line":4,"column":41}},"4":{"start":{"line":6,"column":24},"end":{"line":26,"column":1}},"5":{"start":{"line":7,"column":2},"end":{"line":25,"column":4}},"6":{"start":{"line":28,"column":0},"end":{"line":28,"column":21}}},"fnMap":{"0":{"name":"(anonymous_1)","decl":{"start":{"line":6,"column":24},"end":{"line":6,"column":27}},"loc":{"start":{"line":6,"column":29},"end":{"line":26,"column":1}}}},"branchMap":{},"s":{"0":1,"1":1,"2":1,"3":1,"4":1,"5":1,"6":1},"f":{"0":1},"b":{}}
,"D:\\учеба\\rs-react-app\\src\\components\\Results\\Results.tsx": {"path":"D:\\учеба\\rs-react-app\\src\\components\\Results\\Results.tsx","statementMap":{"0":{"start":{"line":1,"column":0},"end":{"line":1,"column":51}},"1":{"start":{"line":2,"column":0},"end":{"line":2,"column":35}},"2":{"start":{"line":3,"column":0},"end":{"line":3,"column":60}},"3":{"start":{"line":4,"column":0},"end":{"line":4,"column":32}},"4":{"start":{"line":31,"column":17},"end":{"line":31,"column":19}},"5":{"start":{"line":33,"column":40},"end":{"line":236,"column":1}},"6":{"start":{"line":38,"column":19},"end":{"line":38,"column":32}},"7":{"start":{"line":39,"column":19},"end":{"line":39,"column":32}},"8":{"start":{"line":41,"column":17},"end":{"line":41,"column":53}},"9":{"start":{"line":42,"column":20},"end":{"line":42,"column":45}},"10":{"start":{"line":43,"column":23},"end":{"line":43,"column":44}},"11":{"start":{"line":45,"column":22},"end":{"line":45,"column":45}},"12":{"start":{"line":47,"column":28},"end":{"line":48,"column":null}},"13":{"start":{"line":50,"column":40},"end":{"line":50,"column":54}},"14":{"start":{"line":51,"column":46},"end":{"line":51,"column":61}},"15":{"start":{"line":52,"column":32},"end":{"line":52,"column":69}},"16":{"start":{"line":53,"column":38},"end":{"line":53,"column":49}},"17":{"start":{"line":55,"column":2},"end":{"line":104,"column":53}},"18":{"start":{"line":56,"column":4},"end":{"line":59,"column":5}},"19":{"start":{"line":57,"column":6},"end":{"line":57,"column":23}},"20":{"start":{"line":58,"column":6},"end":{"line":58,"column":13}},"21":{"start":{"line":61,"column":22},"end":{"line":101,"column":6}},"22":{"start":{"line":61,"column":33},"end":{"line":101,"column":6}},"23":{"start":{"line":62,"column":6},"end":{"line":62,"column":27}},"24":{"start":{"line":63,"column":6},"end":{"line":100,"column":7}},"25":{"start":{"line":64,"column":23},"end":{"line":64,"column":51}},"26":{"start":{"line":65,"column":20},"end":{"line":66,"column":null}},"27":{"start":{"line":68,"column":8},"end":{"line":68,"column":39}},"28":{"start":{"line":68,"column":21},"end":{"line":68,"column":39}},"29":{"start":{"line":69,"column":42},"end":{"line":69,"column":58}},"30":{"start":{"line":71,"column":22},"end":{"line":71,"column":54}},"31":{"start":{"line":72,"column":8},"end":{"line":75,"column":9}},"32":{"start":{"line":73,"column":10},"end":{"line":73,"column":27}},"33":{"start":{"line":74,"column":10},"end":{"line":74,"column":17}},"34":{"start":{"line":77,"column":8},"end":{"line":77,"column":29}},"35":{"start":{"line":79,"column":30},"end":{"line":88,"column":null}},"36":{"start":{"line":80,"column":43},"end":{"line":88,"column":12}},"37":{"start":{"line":81,"column":22},"end":{"line":81,"column":66}},"38":{"start":{"line":81,"column":57},"end":{"line":81,"column":65}},"39":{"start":{"line":82,"column":12},"end":{"line":87,"column":14}},"40":{"start":{"line":85,"column":41},"end":{"line":85,"column":52}},"41":{"start":{"line":91,"column":8},"end":{"line":91,"column":32}},"42":{"start":{"line":92,"column":8},"end":{"line":92,"column":21}},"43":{"start":{"line":94,"column":8},"end":{"line":96,"column":9}},"44":{"start":{"line":95,"column":10},"end":{"line":95,"column":63}},"45":{"start":{"line":97,"column":8},"end":{"line":97,"column":25}},"46":{"start":{"line":99,"column":8},"end":{"line":99,"column":30}},"47":{"start":{"line":103,"column":4},"end":{"line":103,"column":16}},"48":{"start":{"line":106,"column":2},"end":{"line":132,"column":31}},"49":{"start":{"line":107,"column":4},"end":{"line":110,"column":5}},"50":{"start":{"line":108,"column":6},"end":{"line":108,"column":23}},"51":{"start":{"line":109,"column":6},"end":{"line":109,"column":13}},"52":{"start":{"line":112,"column":25},"end":{"line":129,"column":6}},"53":{"start":{"line":112,"column":36},"end":{"line":129,"column":6}},"54":{"start":{"line":113,"column":6},"end":{"line":113,"column":30}},"55":{"start":{"line":114,"column":6},"end":{"line":128,"column":7}},"56":{"start":{"line":115,"column":20},"end":{"line":116,"column":null}},"57":{"start":{"line":118,"column":8},"end":{"line":121,"column":9}},"58":{"start":{"line":119,"column":10},"end":{"line":119,"column":27}},"59":{"start":{"line":120,"column":10},"end":{"line":120,"column":17}},"60":{"start":{"line":122,"column":37},"end":{"line":122,"column":53}},"61":{"start":{"line":123,"column":8},"end":{"line":123,"column":25}},"62":{"start":{"line":125,"column":8},"end":{"line":125,"column":25}},"63":{"start":{"line":127,"column":8},"end":{"line":127,"column":33}},"64":{"start":{"line":131,"column":4},"end":{"line":131,"column":19}},"65":{"start":{"line":134,"column":27},"end":{"line":142,"column":3}},"66":{"start":{"line":135,"column":4},"end":{"line":138,"column":5}},"67":{"start":{"line":136,"column":6},"end":{"line":136,"column":23}},"68":{"start":{"line":137,"column":6},"end":{"line":137,"column":13}},"69":{"start":{"line":139,"column":22},"end":{"line":139,"column":58}},"70":{"start":{"line":140,"column":4},"end":{"line":140,"column":43}},"71":{"start":{"line":141,"column":4},"end":{"line":141,"column":76}},"72":{"start":{"line":144,"column":26},"end":{"line":148,"column":3}},"73":{"start":{"line":145,"column":22},"end":{"line":145,"column":58}},"74":{"start":{"line":146,"column":4},"end":{"line":146,"column":35}},"75":{"start":{"line":147,"column":4},"end":{"line":147,"column":76}},"76":{"start":{"line":150,"column":29},"end":{"line":154,"column":3}},"77":{"start":{"line":151,"column":22},"end":{"line":151,"column":58}},"78":{"start":{"line":152,"column":4},"end":{"line":152,"column":32}},"79":{"start":{"line":153,"column":4},"end":{"line":153,"column":76}},"80":{"start":{"line":156,"column":2},"end":{"line":156,"column":48}},"81":{"start":{"line":156,"column":19},"end":{"line":156,"column":48}},"82":{"start":{"line":158,"column":24},"end":{"line":159,"column":null}},"83":{"start":{"line":159,"column":4},"end":{"line":159,"column":62}},"84":{"start":{"line":162,"column":2},"end":{"line":235,"column":4}},"85":{"start":{"line":167,"column":12},"end":{"line":176,"column":null}},"86":{"start":{"line":174,"column":29},"end":{"line":174,"column":55}},"87":{"start":{"line":189,"column":27},"end":{"line":189,"column":60}},"88":{"start":{"line":198,"column":27},"end":{"line":198,"column":60}},"89":{"start":{"line":226,"column":43},"end":{"line":226,"column":54}},"90":{"start":{"line":238,"column":0},"end":{"line":238,"column":23}}},"fnMap":{"0":{"name":"(anonymous_17)","decl":{"start":{"line":33,"column":40},"end":{"line":33,"column":41}},"loc":{"start":{"line":37,"column":5},"end":{"line":236,"column":1}}},"1":{"name":"(anonymous_18)","decl":{"start":{"line":55,"column":12},"end":{"line":55,"column":15}},"loc":{"start":{"line":55,"column":17},"end":{"line":104,"column":3}}},"2":{"name":"(anonymous_19)","decl":{"start":{"line":61,"column":22},"end":{"line":61,"column":31}},"loc":{"start":{"line":61,"column":33},"end":{"line":101,"column":6}}},"3":{"name":"(anonymous_20)","decl":{"start":{"line":61,"column":33},"end":{"line":61,"column":null}},"loc":{"start":{"line":61,"column":33},"end":{"line":101,"column":5}}},"4":{"name":"(anonymous_21)","decl":{"start":{"line":80,"column":27},"end":{"line":80,"column":34}},"loc":{"start":{"line":80,"column":43},"end":{"line":88,"column":12}}},"5":{"name":"(anonymous_22)","decl":{"start":{"line":80,"column":43},"end":{"line":80,"column":null}},"loc":{"start":{"line":80,"column":43},"end":{"line":88,"column":11}}},"6":{"name":"(anonymous_23)","decl":{"start":{"line":81,"column":50},"end":{"line":81,"column":51}},"loc":{"start":{"line":81,"column":57},"end":{"line":81,"column":65}}},"7":{"name":"(anonymous_24)","decl":{"start":{"line":85,"column":21},"end":{"line":85,"column":22}},"loc":{"start":{"line":85,"column":41},"end":{"line":85,"column":52}}},"8":{"name":"(anonymous_25)","decl":{"start":{"line":106,"column":12},"end":{"line":106,"column":15}},"loc":{"start":{"line":106,"column":17},"end":{"line":132,"column":3}}},"9":{"name":"(anonymous_26)","decl":{"start":{"line":112,"column":25},"end":{"line":112,"column":34}},"loc":{"start":{"line":112,"column":36},"end":{"line":129,"column":6}}},"10":{"name":"(anonymous_27)","decl":{"start":{"line":112,"column":36},"end":{"line":112,"column":null}},"loc":{"start":{"line":112,"column":36},"end":{"line":129,"column":5}}},"11":{"name":"(anonymous_28)","decl":{"start":{"line":134,"column":27},"end":{"line":134,"column":28}},"loc":{"start":{"line":134,"column":47},"end":{"line":142,"column":3}}},"12":{"name":"(anonymous_29)","decl":{"start":{"line":144,"column":26},"end":{"line":144,"column":27}},"loc":{"start":{"line":144,"column":43},"end":{"line":148,"column":3}}},"13":{"name":"(anonymous_30)","decl":{"start":{"line":150,"column":29},"end":{"line":150,"column":32}},"loc":{"start":{"line":150,"column":34},"end":{"line":154,"column":3}}},"14":{"name":"(anonymous_31)","decl":{"start":{"line":158,"column":37},"end":{"line":158,"column":38}},"loc":{"start":{"line":159,"column":4},"end":{"line":159,"column":62}}},"15":{"name":"(anonymous_32)","decl":{"start":{"line":166,"column":29},"end":{"line":166,"column":30}},"loc":{"start":{"line":167,"column":12},"end":{"line":176,"column":null}}},"16":{"name":"(anonymous_33)","decl":{"start":{"line":174,"column":23},"end":{"line":174,"column":26}},"loc":{"start":{"line":174,"column":29},"end":{"line":174,"column":55}}},"17":{"name":"(anonymous_34)","decl":{"start":{"line":189,"column":21},"end":{"line":189,"column":24}},"loc":{"start":{"line":189,"column":27},"end":{"line":189,"column":60}}},"18":{"name":"(anonymous_35)","decl":{"start":{"line":198,"column":21},"end":{"line":198,"column":24}},"loc":{"start":{"line":198,"column":27},"end":{"line":198,"column":60}}},"19":{"name":"(anonymous_36)","decl":{"start":{"line":226,"column":36},"end":{"line":226,"column":37}},"loc":{"start":{"line":226,"column":43},"end":{"line":226,"column":54}}}},"branchMap":{"0":{"loc":{"start":{"line":42,"column":20},"end":{"line":42,"column":45}},"type":"binary-expr","locations":[{"start":{"line":42,"column":20},"end":{"line":42,"column":38}},{"start":{"line":42,"column":42},"end":{"line":42,"column":45}}]},"1":{"loc":{"start":{"line":56,"column":4},"end":{"line":59,"column":5}},"type":"if","locations":[{"start":{"line":56,"column":4},"end":{"line":59,"column":5}},{"start":{},"end":{}}]},"2":{"loc":{"start":{"line":56,"column":8},"end":{"line":56,"column":45}},"type":"binary-expr","locations":[{"start":{"line":56,"column":8},"end":{"line":56,"column":26}},{"start":{"line":56,"column":30},"end":{"line":56,"column":45}}]},"3":{"loc":{"start":{"line":68,"column":8},"end":{"line":68,"column":39}},"type":"if","locations":[{"start":{"line":68,"column":8},"end":{"line":68,"column":39}},{"start":{},"end":{}}]},"4":{"loc":{"start":{"line":72,"column":8},"end":{"line":75,"column":9}},"type":"if","locations":[{"start":{"line":72,"column":8},"end":{"line":75,"column":9}},{"start":{},"end":{}}]},"5":{"loc":{"start":{"line":94,"column":8},"end":{"line":96,"column":9}},"type":"if","locations":[{"start":{"line":94,"column":8},"end":{"line":96,"column":9}},{"start":{},"end":{}}]},"6":{"loc":{"start":{"line":107,"column":4},"end":{"line":110,"column":5}},"type":"if","locations":[{"start":{"line":107,"column":4},"end":{"line":110,"column":5}},{"start":{},"end":{}}]},"7":{"loc":{"start":{"line":118,"column":8},"end":{"line":121,"column":9}},"type":"if","locations":[{"start":{"line":118,"column":8},"end":{"line":121,"column":9}},{"start":{},"end":{}}]},"8":{"loc":{"start":{"line":135,"column":4},"end":{"line":138,"column":5}},"type":"if","locations":[{"start":{"line":135,"column":4},"end":{"line":138,"column":5}},{"start":{},"end":{}}]},"9":{"loc":{"start":{"line":135,"column":8},"end":{"line":135,"column":59}},"type":"binary-expr","locations":[{"start":{"line":135,"column":8},"end":{"line":135,"column":19}},{"start":{"line":135,"column":24},"end":{"line":135,"column":34}},{"start":{"line":135,"column":38},"end":{"line":135,"column":58}}]},"10":{"loc":{"start":{"line":156,"column":2},"end":{"line":156,"column":48}},"type":"if","locations":[{"start":{"line":156,"column":2},"end":{"line":156,"column":48}},{"start":{},"end":{}}]},"11":{"loc":{"start":{"line":172,"column":18},"end":{"line":172,"column":74}},"type":"cond-expr","locations":[{"start":{"line":172,"column":47},"end":{"line":172,"column":65}},{"start":{"line":172,"column":68},"end":{"line":172,"column":74}}]},"12":{"loc":{"start":{"line":206,"column":7},"end":{"line":232,"column":null}},"type":"binary-expr","locations":[{"start":{"line":206,"column":7},"end":{"line":206,"column":19}},{"start":{"line":207,"column":8},"end":{"line":231,"column":null}}]},"13":{"loc":{"start":{"line":220,"column":11},"end":{"line":230,"column":null}},"type":"cond-expr","locations":[{"start":{"line":221,"column":12},"end":{"line":221,"column":41}},{"start":{"line":222,"column":14},"end":{"line":230,"column":null}}]},"14":{"loc":{"start":{"line":222,"column":14},"end":{"line":230,"column":null}},"type":"cond-expr","locations":[{"start":{"line":223,"column":12},"end":{"line":227,"column":null}},{"start":{"line":230,"column":12},"end":{"line":230,"column":41}}]}},"s":{"0":1,"1":1,"2":1,"3":1,"4":1,"5":1,"6":6,"7":6,"8":6,"9":6,"10":6,"11":6,"12":6,"13":6,"14":6,"15":6,"16":6,"17":6,"18":3,"19":0,"20":0,"21":3,"22":3,"23":3,"24":3,"25":3,"26":3,"27":1,"28":0,"29":1,"30":1,"31":1,"32":0,"33":0,"34":1,"35":1,"36":1,"37":1,"38":1,"39":1,"40":1,"41":1,"42":1,"43":2,"44":2,"45":2,"46":3,"47":3,"48":6,"49":3,"50":3,"51":3,"52":0,"53":0,"54":0,"55":0,"56":0,"57":0,"58":0,"59":0,"60":0,"61":0,"62":0,"63":0,"64":0,"65":6,"66":0,"67":0,"68":0,"69":0,"70":0,"71":0,"72":6,"73":0,"74":0,"75":0,"76":6,"77":0,"78":0,"79":0,"80":6,"81":3,"82":3,"83":1,"84":3,"85":1,"86":0,"87":0,"88":0,"89":0,"90":1},"f":{"0":6,"1":3,"2":3,"3":3,"4":1,"5":1,"6":1,"7":1,"8":3,"9":0,"10":0,"11":0,"12":0,"13":0,"14":1,"15":1,"16":0,"17":0,"18":0,"19":0},"b":{"0":[6,0],"1":[0,3],"2":[3,3],"3":[0,1],"4":[0,1],"5":[2,0],"6":[3,0],"7":[0,0],"8":[0,0],"9":[0,0,0],"10":[3,3],"11":[0,1],"12":[3,0],"13":[0,0],"14":[0,0]}}
,"D:\\учеба\\rs-react-app\\src\\components\\Search\\Search.tsx": {"path":"D:\\учеба\\rs-react-app\\src\\components\\Search\\Search.tsx","statementMap":{"0":{"start":{"line":1,"column":0},"end":{"line":1,"column":26}},"1":{"start":{"line":8,"column":38},"end":{"line":21,"column":1}},"2":{"start":{"line":9,"column":23},"end":{"line":11,"column":3}},"3":{"start":{"line":10,"column":4},"end":{"line":10,"column":33}},"4":{"start":{"line":13,"column":2},"end":{"line":20,"column":4}},"5":{"start":{"line":23,"column":0},"end":{"line":23,"column":22}}},"fnMap":{"0":{"name":"(anonymous_1)","decl":{"start":{"line":8,"column":38},"end":{"line":8,"column":39}},"loc":{"start":{"line":8,"column":62},"end":{"line":21,"column":1}}},"1":{"name":"(anonymous_2)","decl":{"start":{"line":9,"column":23},"end":{"line":9,"column":24}},"loc":{"start":{"line":9,"column":76},"end":{"line":11,"column":3}}}},"branchMap":{},"s":{"0":1,"1":1,"2":2,"3":1,"4":2,"5":1},"f":{"0":2,"1":1},"b":{}}
}
