TN:
SF:src\components\Button\Button.tsx
FN:8,(anonymous_1)
FNF:1
FNH:1
FNDA:1,(anonymous_1)
DA:1,1
DA:8,1
DA:9,1
DA:12,1
LF:4
LH:4
BRF:0
BRH:0
end_of_record
TN:
SF:src\components\ButtonError\ButtonError.tsx
FN:8,(anonymous_1)
FN:14,(anonymous_2)
FN:18,(anonymous_3)
FNF:3
FNH:3
FNDA:3,(anonymous_1)
FNDA:1,(anonymous_2)
FNDA:4,(anonymous_3)
DA:1,1
DA:7,1
DA:9,3
DA:10,2
DA:11,2
DA:15,1
DA:19,4
DA:20,2
DA:23,2
DA:37,1
LF:10
LH:10
BRDA:19,0,0,2
BRDA:19,0,1,2
BRF:2
BRH:2
end_of_record
TN:
SF:src\components\Card\Card.tsx
FN:8,(anonymous_1)
FNF:1
FNH:1
FNDA:2,(anonymous_1)
DA:1,2
DA:8,2
DA:9,2
DA:28,2
LF:4
LH:4
BRF:0
BRH:0
end_of_record
TN:
SF:src\components\ErrorBoundary\ErrorBoundary.tsx
FN:17,(anonymous_1)
FN:22,(anonymous_2)
FN:26,(anonymous_3)
FN:30,(anonymous_4)
FNF:4
FNH:4
FNDA:4,(anonymous_1)
FNDA:2,(anonymous_2)
FNDA:1,(anonymous_3)
FNDA:5,(anonymous_4)
DA:1,1
DA:13,1
DA:18,4
DA:19,3
DA:23,2
DA:27,1
DA:31,5
DA:32,2
DA:45,3
DA:49,1
LF:10
LH:10
BRDA:31,0,0,2
BRDA:31,0,1,3
BRF:2
BRH:2
end_of_record
TN:
SF:src\components\Header\Header.tsx
FN:7,(anonymous_1)
FNF:1
FNH:1
FNDA:1,(anonymous_1)
DA:2,1
DA:3,1
DA:4,1
DA:5,1
DA:7,1
DA:8,1
DA:20,1
LF:7
LH:7
BRF:0
BRH:0
end_of_record
TN:
SF:src\components\Header\components\Navigation\Navigation.tsx
FN:4,(anonymous_1)
FNF:1
FNH:1
FNDA:1,(anonymous_1)
DA:1,1
DA:2,1
DA:3,1
DA:4,1
DA:5,1
DA:19,1
LF:6
LH:6
BRF:0
BRH:0
end_of_record
TN:
SF:src\components\Pages\404\404.tsx
FN:3,(anonymous_1)
FNF:1
FNH:1
FNDA:1,(anonymous_1)
DA:1,1
DA:3,1
DA:4,1
DA:19,1
LF:4
LH:4
BRF:0
BRH:0
end_of_record
TN:
SF:src\components\Pages\About\About.tsx
FN:6,(anonymous_1)
FNF:1
FNH:1
FNDA:1,(anonymous_1)
DA:1,1
DA:2,1
DA:3,1
DA:4,1
DA:6,1
DA:7,1
DA:28,1
LF:7
LH:7
BRF:0
BRH:0
end_of_record
TN:
SF:src\components\Results\Results.tsx
FN:33,(anonymous_17)
FN:55,(anonymous_18)
FN:61,(anonymous_19)
FN:61,(anonymous_20)
FN:80,(anonymous_21)
FN:80,(anonymous_22)
FN:81,(anonymous_23)
FN:85,(anonymous_24)
FN:106,(anonymous_25)
FN:112,(anonymous_26)
FN:112,(anonymous_27)
FN:134,(anonymous_28)
FN:144,(anonymous_29)
FN:150,(anonymous_30)
FN:158,(anonymous_31)
FN:166,(anonymous_32)
FN:174,(anonymous_33)
FN:189,(anonymous_34)
FN:198,(anonymous_35)
FN:226,(anonymous_36)
FNF:20
FNH:11
FNDA:6,(anonymous_17)
FNDA:3,(anonymous_18)
FNDA:3,(anonymous_19)
FNDA:3,(anonymous_20)
FNDA:1,(anonymous_21)
FNDA:1,(anonymous_22)
FNDA:1,(anonymous_23)
FNDA:1,(anonymous_24)
FNDA:3,(anonymous_25)
FNDA:0,(anonymous_26)
FNDA:0,(anonymous_27)
FNDA:0,(anonymous_28)
FNDA:0,(anonymous_29)
FNDA:0,(anonymous_30)
FNDA:1,(anonymous_31)
FNDA:1,(anonymous_32)
FNDA:0,(anonymous_33)
FNDA:0,(anonymous_34)
FNDA:0,(anonymous_35)
FNDA:0,(anonymous_36)
DA:1,1
DA:2,1
DA:3,1
DA:4,1
DA:31,1
DA:33,1
DA:38,6
DA:39,6
DA:41,6
DA:42,6
DA:43,6
DA:45,6
DA:47,6
DA:50,6
DA:51,6
DA:52,6
DA:53,6
DA:55,6
DA:56,3
DA:57,0
DA:58,0
DA:61,3
DA:62,3
DA:63,3
DA:64,3
DA:65,3
DA:68,1
DA:69,1
DA:71,1
DA:72,1
DA:73,0
DA:74,0
DA:77,1
DA:79,1
DA:80,1
DA:81,1
DA:82,1
DA:85,1
DA:91,1
DA:92,1
DA:94,2
DA:95,2
DA:97,2
DA:99,3
DA:103,3
DA:106,6
DA:107,3
DA:108,3
DA:109,3
DA:112,0
DA:113,0
DA:114,0
DA:115,0
DA:118,0
DA:119,0
DA:120,0
DA:122,0
DA:123,0
DA:125,0
DA:127,0
DA:131,0
DA:134,6
DA:135,0
DA:136,0
DA:137,0
DA:139,0
DA:140,0
DA:141,0
DA:144,6
DA:145,0
DA:146,0
DA:147,0
DA:150,6
DA:151,0
DA:152,0
DA:153,0
DA:156,6
DA:158,3
DA:159,1
DA:162,3
DA:167,1
DA:174,0
DA:189,0
DA:198,0
DA:226,0
DA:238,1
LF:86
LH:54
BRDA:42,0,0,6
BRDA:42,0,1,0
BRDA:56,1,0,0
BRDA:56,1,1,3
BRDA:56,2,0,3
BRDA:56,2,1,3
BRDA:68,3,0,0
BRDA:68,3,1,1
BRDA:72,4,0,0
BRDA:72,4,1,1
BRDA:94,5,0,2
BRDA:94,5,1,0
BRDA:107,6,0,3
BRDA:107,6,1,0
BRDA:118,7,0,0
BRDA:118,7,1,0
BRDA:135,8,0,0
BRDA:135,8,1,0
BRDA:135,9,0,0
BRDA:135,9,1,0
BRDA:135,9,2,0
BRDA:156,10,0,3
BRDA:156,10,1,3
BRDA:172,11,0,0
BRDA:172,11,1,1
BRDA:206,12,0,3
BRDA:206,12,1,0
BRDA:220,13,0,0
BRDA:220,13,1,0
BRDA:222,14,0,0
BRDA:222,14,1,0
BRF:31
BRH:12
end_of_record
TN:
SF:src\components\Search\Search.tsx
FN:8,(anonymous_1)
FN:9,(anonymous_2)
FNF:2
FNH:2
FNDA:2,(anonymous_1)
FNDA:1,(anonymous_2)
DA:1,1
DA:8,1
DA:9,2
DA:10,1
DA:13,2
DA:23,1
LF:6
LH:6
BRF:0
BRH:0
end_of_record
