TN:
SF:src\App.tsx
FN:12,(anonymous_1)
FN:20,(anonymous_2)
FN:25,(anonymous_3)
FN:30,(anonymous_4)
FN:66,(anonymous_5)
FNF:5
FNH:3
FNDA:1,(anonymous_1)
FNDA:0,(anonymous_2)
FNDA:0,(anonymous_3)
FNDA:1,(anonymous_4)
FNDA:1,(anonymous_5)
DA:1,1
DA:2,1
DA:3,1
DA:4,1
DA:13,1
DA:14,1
DA:20,1
DA:21,0
DA:22,0
DA:25,1
DA:26,0
DA:27,0
DA:31,1
DA:33,1
DA:85,1
LF:15
LH:11
BRDA:15,0,0,1
BRDA:15,0,1,1
BRF:2
BRH:2
end_of_record
TN:
SF:src\components\ErrorBoundary.tsx
FN:15,(anonymous_1)
FN:20,(anonymous_2)
FN:24,(anonymous_3)
FN:29,(anonymous_4)
FNF:4
FNH:2
FNDA:1,(anonymous_1)
FNDA:0,(anonymous_2)
FNDA:0,(anonymous_3)
FNDA:1,(anonymous_4)
DA:1,1
DA:16,1
DA:17,1
DA:21,0
DA:25,0
DA:26,0
DA:30,1
DA:31,0
DA:33,1
DA:36,1
LF:10
LH:6
BRDA:30,0,0,0
BRDA:30,0,1,1
BRF:2
BRH:1
end_of_record
TN:
SF:src\components\Button\Button.tsx
FN:9,(anonymous_1)
FNF:1
FNH:1
FNDA:3,(anonymous_1)
DA:1,2
DA:10,3
DA:14,2
LF:3
LH:3
BRF:0
BRH:0
end_of_record
TN:
SF:src\components\Results\Results.tsx
FN:42,(anonymous_8)
FN:53,(anonymous_9)
FN:57,(anonymous_10)
FN:63,(anonymous_11)
FN:72,(anonymous_12)
FN:82,(anonymous_14)
FN:82,(anonymous_15)
FN:90,(anonymous_16)
FN:112,(anonymous_17)
FN:130,(anonymous_18)
FN:157,(anonymous_19)
FN:181,(anonymous_20)
FN:188,(anonymous_21)
FNF:13
FNH:8
FNDA:3,(anonymous_8)
FNDA:3,(anonymous_9)
FNDA:5,(anonymous_10)
FNDA:3,(anonymous_11)
FNDA:3,(anonymous_12)
FNDA:0,(anonymous_14)
FNDA:0,(anonymous_15)
FNDA:0,(anonymous_16)
FNDA:1,(anonymous_17)
FNDA:8,(anonymous_18)
FNDA:1,(anonymous_19)
FNDA:0,(anonymous_20)
FNDA:0,(anonymous_21)
DA:1,2
DA:40,3
DA:43,3
DA:44,3
DA:54,3
DA:58,5
DA:59,0
DA:64,3
DA:65,3
DA:73,3
DA:74,3
DA:75,3
DA:76,2
DA:77,1
DA:79,1
DA:80,0
DA:81,0
DA:82,0
DA:83,0
DA:84,0
DA:85,0
DA:86,0
DA:87,0
DA:90,0
DA:95,0
DA:105,1
DA:106,1
DA:112,1
DA:124,2
DA:125,2
DA:126,2
DA:131,8
DA:132,8
DA:134,8
DA:135,6
DA:136,0
DA:141,6
DA:143,4
DA:158,1
DA:181,0
DA:188,0
DA:199,2
LF:42
LH:28
BRDA:58,0,0,0
BRDA:58,0,1,5
BRDA:64,1,0,0
BRDA:64,1,1,3
BRDA:65,2,0,2
BRDA:65,2,1,1
BRDA:76,3,0,1
BRDA:76,3,1,1
BRDA:79,4,0,0
BRDA:79,4,1,1
BRDA:84,5,0,0
BRDA:84,5,1,0
BRDA:90,6,0,0
BRDA:90,6,1,0
BRDA:112,7,0,1
BRDA:112,7,1,0
BRDA:125,8,0,2
BRDA:125,8,1,0
BRDA:134,9,0,2
BRDA:134,9,1,6
BRDA:135,10,0,0
BRDA:135,10,1,6
BRDA:141,11,0,2
BRDA:141,11,1,4
BRDA:145,12,0,3
BRDA:145,12,1,1
BRDA:181,13,0,0
BRDA:181,13,1,0
BRDA:188,14,0,0
BRDA:188,14,1,0
BRF:30
BRH:16
end_of_record
TN:
SF:src\components\Search\Search.tsx
FN:9,(anonymous_1)
FN:14,(anonymous_2)
FN:18,(anonymous_3)
FNF:3
FNH:3
FNDA:3,(anonymous_1)
FNDA:1,(anonymous_2)
FNDA:3,(anonymous_3)
DA:1,2
DA:10,3
DA:11,3
DA:15,1
DA:19,3
DA:30,2
LF:6
LH:6
BRF:0
BRH:0
end_of_record
TN:
SF:src\components\SearchBar\SearchBar.tsx
FN:14,(anonymous_1)
FN:19,(anonymous_2)
FN:23,(anonymous_3)
FN:27,(anonymous_4)
FNF:4
FNH:2
FNDA:1,(anonymous_1)
FNDA:0,(anonymous_2)
FNDA:0,(anonymous_3)
FNDA:1,(anonymous_4)
DA:1,1
DA:2,1
DA:3,1
DA:15,1
DA:19,1
DA:20,0
DA:23,1
DA:24,0
DA:28,1
DA:46,1
LF:10
LH:8
BRF:0
BRH:0
end_of_record
